This is pdfTeX, Version 3.1415926-2.5-1.40.14 (TeX Live 2013/W32TeX) (format=pdflatex 2013.7.24)  20 JUL 2015 00:12
entering extended mode
 restricted \write18 enabled.
 %&-line parsing enabled.
**SCINT2015_Proceedings.tex
(./SCINT2015_Proceedings.tex
LaTeX2e <2011/06/27>
Babel <3.9f> and hyphenation patterns for 78 languages loaded.
(c:/texlive/2013/texmf-dist/tex/latex/ieeetran/IEEEtran.cls
Document Class: IEEEtran 2012/12/27 V1.8 by Michael Shell
-- See the "IEEEtran_HOWTO" manual for usage information.
-- http://www.michaelshell.org/tex/ieeetran/
\@IEEEtrantmpdimenA=\dimen102
\@IEEEtrantmpdimenB=\dimen103
\@IEEEtrantmpcountA=\count79
\@IEEEtrantmpcountB=\count80
\@IEEEtrantmptoksA=\toks14
LaTeX Font Info:    Try loading font information for OT1+ptm on input line 368.

(c:/texlive/2013/texmf-dist/tex/latex/psnfss/ot1ptm.fd
File: ot1ptm.fd 2001/06/04 font definitions for OT1/ptm.
)
-- Using 8.5in x 11in (letter) paper.
-- Using PDF output.
\@IEEEnormalsizeunitybaselineskip=\dimen104
-- This is a 10 point document.
\CLASSINFOnormalsizebaselineskip=\dimen105
\CLASSINFOnormalsizeunitybaselineskip=\dimen106
\IEEEnormaljot=\dimen107
LaTeX Font Info:    Font shape `OT1/ptm/bx/n' in size <5> not available
(Font)              Font shape `OT1/ptm/b/n' tried instead on input line 726.
LaTeX Font Info:    Font shape `OT1/ptm/bx/it' in size <5> not available
(Font)              Font shape `OT1/ptm/b/it' tried instead on input line 726.
LaTeX Font Info:    Font shape `OT1/ptm/bx/n' in size <7> not available
(Font)              Font shape `OT1/ptm/b/n' tried instead on input line 726.
LaTeX Font Info:    Font shape `OT1/ptm/bx/it' in size <7> not available
(Font)              Font shape `OT1/ptm/b/it' tried instead on input line 726.
LaTeX Font Info:    Font shape `OT1/ptm/bx/n' in size <8> not available
(Font)              Font shape `OT1/ptm/b/n' tried instead on input line 726.
LaTeX Font Info:    Font shape `OT1/ptm/bx/it' in size <8> not available
(Font)              Font shape `OT1/ptm/b/it' tried instead on input line 726.
LaTeX Font Info:    Font shape `OT1/ptm/bx/n' in size <9> not available
(Font)              Font shape `OT1/ptm/b/n' tried instead on input line 726.
LaTeX Font Info:    Font shape `OT1/ptm/bx/it' in size <9> not available
(Font)              Font shape `OT1/ptm/b/it' tried instead on input line 726.
LaTeX Font Info:    Font shape `OT1/ptm/bx/n' in size <10> not available
(Font)              Font shape `OT1/ptm/b/n' tried instead on input line 726.
LaTeX Font Info:    Font shape `OT1/ptm/bx/it' in size <10> not available
(Font)              Font shape `OT1/ptm/b/it' tried instead on input line 726.
LaTeX Font Info:    Font shape `OT1/ptm/bx/n' in size <11> not available
(Font)              Font shape `OT1/ptm/b/n' tried instead on input line 726.
LaTeX Font Info:    Font shape `OT1/ptm/bx/it' in size <11> not available
(Font)              Font shape `OT1/ptm/b/it' tried instead on input line 726.
LaTeX Font Info:    Font shape `OT1/ptm/bx/n' in size <12> not available
(Font)              Font shape `OT1/ptm/b/n' tried instead on input line 726.
LaTeX Font Info:    Font shape `OT1/ptm/bx/it' in size <12> not available
(Font)              Font shape `OT1/ptm/b/it' tried instead on input line 726.
LaTeX Font Info:    Font shape `OT1/ptm/bx/n' in size <17> not available
(Font)              Font shape `OT1/ptm/b/n' tried instead on input line 726.
LaTeX Font Info:    Font shape `OT1/ptm/bx/it' in size <17> not available
(Font)              Font shape `OT1/ptm/b/it' tried instead on input line 726.
LaTeX Font Info:    Font shape `OT1/ptm/bx/n' in size <20> not available
(Font)              Font shape `OT1/ptm/b/n' tried instead on input line 726.
LaTeX Font Info:    Font shape `OT1/ptm/bx/it' in size <20> not available
(Font)              Font shape `OT1/ptm/b/it' tried instead on input line 726.
LaTeX Font Info:    Font shape `OT1/ptm/bx/n' in size <24> not available
(Font)              Font shape `OT1/ptm/b/n' tried instead on input line 726.
LaTeX Font Info:    Font shape `OT1/ptm/bx/it' in size <24> not available
(Font)              Font shape `OT1/ptm/b/it' tried instead on input line 726.
\IEEEilabelindentA=\dimen108
\IEEEilabelindentB=\dimen109
\IEEEilabelindent=\dimen110
\IEEEelabelindent=\dimen111
\IEEEdlabelindent=\dimen112
\IEEElabelindent=\dimen113
\IEEEiednormlabelsep=\dimen114
\IEEEiedmathlabelsep=\dimen115
\IEEEiedtopsep=\skip41
\c@section=\count81
\c@subsection=\count82
\c@subsubsection=\count83
\c@paragraph=\count84
\c@IEEEsubequation=\count85
\abovecaptionskip=\skip42
\belowcaptionskip=\skip43
\c@figure=\count86
\c@table=\count87
\@IEEEeqnnumcols=\count88
\@IEEEeqncolcnt=\count89
\@IEEEsubeqnnumrollback=\count90
\@IEEEtmpitemindent=\dimen116
\c@IEEEbiography=\count91
\@IEEEtranrubishbin=\box26
) (c:/texlive/2013/texmf-dist/tex/latex/base/fontenc.sty
Package: fontenc 2005/09/27 v1.99g Standard LaTeX package

(c:/texlive/2013/texmf-dist/tex/latex/base/t1enc.def
File: t1enc.def 2005/09/27 v1.99g Standard LaTeX file
LaTeX Font Info:    Redeclaring font encoding T1 on input line 43.
)
LaTeX Font Info:    Try loading font information for T1+ptm on input line 100.

(c:/texlive/2013/texmf-dist/tex/latex/psnfss/t1ptm.fd
File: t1ptm.fd 2001/06/04 font definitions for T1/ptm.
))
(c:/texlive/2013/texmf-dist/tex/latex/cite/cite.sty
LaTeX Info: Redefining \cite on input line 302.
LaTeX Info: Redefining \nocite on input line 373.
Package: cite 2010/09/10  v 5.3
)
(c:/texlive/2013/texmf-dist/tex/latex/graphics/graphicx.sty
Package: graphicx 1999/02/16 v1.0f Enhanced LaTeX Graphics (DPC,SPQR)

(c:/texlive/2013/texmf-dist/tex/latex/graphics/keyval.sty
Package: keyval 1999/03/16 v1.13 key=value parser (DPC)
\KV@toks@=\toks15
)
(c:/texlive/2013/texmf-dist/tex/latex/graphics/graphics.sty
Package: graphics 2009/02/05 v1.0o Standard LaTeX Graphics (DPC,SPQR)

(c:/texlive/2013/texmf-dist/tex/latex/graphics/trig.sty
Package: trig 1999/03/16 v1.09 sin cos tan (DPC)
)
(c:/texlive/2013/texmf-dist/tex/latex/latexconfig/graphics.cfg
File: graphics.cfg 2010/04/23 v1.9 graphics configuration of TeX Live
)
Package graphics Info: Driver file: pdftex.def on input line 91.

(c:/texlive/2013/texmf-dist/tex/latex/pdftex-def/pdftex.def
File: pdftex.def 2011/05/27 v0.06d Graphics/color for pdfTeX

(c:/texlive/2013/texmf-dist/tex/generic/oberdiek/infwarerr.sty
Package: infwarerr 2010/04/08 v1.3 Providing info/warning/error messages (HO)
)
(c:/texlive/2013/texmf-dist/tex/generic/oberdiek/ltxcmds.sty
Package: ltxcmds 2011/11/09 v1.22 LaTeX kernel commands for general use (HO)
)
\Gread@gobject=\count92
))
\Gin@req@height=\dimen117
\Gin@req@width=\dimen118
)
(c:/texlive/2013/texmf-dist/tex/latex/amsmath/amsmath.sty
Package: amsmath 2013/01/14 v2.14 AMS math features
\@mathmargin=\skip44

For additional information on amsmath, use the `?' option.
(c:/texlive/2013/texmf-dist/tex/latex/amsmath/amstext.sty
Package: amstext 2000/06/29 v2.01

(c:/texlive/2013/texmf-dist/tex/latex/amsmath/amsgen.sty
File: amsgen.sty 1999/11/30 v2.0
\@emptytoks=\toks16
\ex@=\dimen119
))
(c:/texlive/2013/texmf-dist/tex/latex/amsmath/amsbsy.sty
Package: amsbsy 1999/11/29 v1.2d
\pmbraise@=\dimen120
)
(c:/texlive/2013/texmf-dist/tex/latex/amsmath/amsopn.sty
Package: amsopn 1999/12/14 v2.01 operator names
)
\inf@bad=\count93
LaTeX Info: Redefining \frac on input line 210.
\uproot@=\count94
\leftroot@=\count95
LaTeX Info: Redefining \overline on input line 306.
\classnum@=\count96
\DOTSCASE@=\count97
LaTeX Info: Redefining \ldots on input line 378.
LaTeX Info: Redefining \dots on input line 381.
LaTeX Info: Redefining \cdots on input line 466.
\Mathstrutbox@=\box27
\strutbox@=\box28
\big@size=\dimen121
LaTeX Font Info:    Redeclaring font encoding OML on input line 566.
LaTeX Font Info:    Redeclaring font encoding OMS on input line 567.
\macc@depth=\count98
\c@MaxMatrixCols=\count99
\dotsspace@=\muskip10
\c@parentequation=\count100
\dspbrk@lvl=\count101
\tag@help=\toks17
\row@=\count102
\column@=\count103
\maxfields@=\count104
\andhelp@=\toks18
\eqnshift@=\dimen122
\alignsep@=\dimen123
\tagshift@=\dimen124
\tagwidth@=\dimen125
\totwidth@=\dimen126
\lineht@=\dimen127
\@envbody=\toks19
\multlinegap=\skip45
\multlinetaggap=\skip46
\mathdisplay@stack=\toks20
LaTeX Info: Redefining \[ on input line 2665.
LaTeX Info: Redefining \] on input line 2666.
)
(c:/texlive/2013/texmf-dist/tex/latex/was/gensymb.sty
Package: gensymb 2003/07/02 v1.0 (WaS)
)
(c:/texlive/2013/texmf-dist/tex/latex/tools/array.sty
Package: array 2008/09/09 v2.4c Tabular extension package (FMi)
\col@sep=\dimen128
\extrarowheight=\dimen129
\NC@list=\toks21
\extratabsurround=\skip47
\backup@length=\skip48
)
(c:/texlive/2013/texmf-dist/tex/latex/sttools/stfloats.sty
Package: stfloats 2012/05/29 v1.1 Improve float mechanism and baselineskip sett
ings
\@dblbotnum=\count105
\c@dblbotnumber=\count106
)
(c:/texlive/2013/texmf-dist/tex/latex/multirow/multirow.sty
\bigstrutjot=\dimen130
)
(c:/texlive/2013/texmf-dist/tex/latex/url/url.sty
\Urlmuskip=\muskip11
Package: url 2006/04/12  ver 3.3  Verb mode for urls, etc.
) (./SCINT2015_Proceedings.aux)
\openout1 = `SCINT2015_Proceedings.aux'.

LaTeX Font Info:    Checking defaults for OML/cmm/m/it on input line 70.
LaTeX Font Info:    ... okay on input line 70.
LaTeX Font Info:    Checking defaults for T1/cmr/m/n on input line 70.
LaTeX Font Info:    ... okay on input line 70.
LaTeX Font Info:    Checking defaults for OT1/cmr/m/n on input line 70.
LaTeX Font Info:    ... okay on input line 70.
LaTeX Font Info:    Checking defaults for OMS/cmsy/m/n on input line 70.
LaTeX Font Info:    ... okay on input line 70.
LaTeX Font Info:    Checking defaults for OMX/cmex/m/n on input line 70.
LaTeX Font Info:    ... okay on input line 70.
LaTeX Font Info:    Checking defaults for U/cmr/m/n on input line 70.
LaTeX Font Info:    ... okay on input line 70.
LaTeX Font Info:    Font shape `T1/ptm/bx/n' in size <5> not available
(Font)              Font shape `T1/ptm/b/n' tried instead on input line 70.
LaTeX Font Info:    Font shape `T1/ptm/bx/it' in size <5> not available
(Font)              Font shape `T1/ptm/b/it' tried instead on input line 70.
LaTeX Font Info:    Font shape `T1/ptm/bx/n' in size <7> not available
(Font)              Font shape `T1/ptm/b/n' tried instead on input line 70.
LaTeX Font Info:    Font shape `T1/ptm/bx/it' in size <7> not available
(Font)              Font shape `T1/ptm/b/it' tried instead on input line 70.
LaTeX Font Info:    Font shape `T1/ptm/bx/n' in size <8> not available
(Font)              Font shape `T1/ptm/b/n' tried instead on input line 70.
LaTeX Font Info:    Font shape `T1/ptm/bx/it' in size <8> not available
(Font)              Font shape `T1/ptm/b/it' tried instead on input line 70.
LaTeX Font Info:    Font shape `T1/ptm/bx/n' in size <9> not available
(Font)              Font shape `T1/ptm/b/n' tried instead on input line 70.
LaTeX Font Info:    Font shape `T1/ptm/bx/it' in size <9> not available
(Font)              Font shape `T1/ptm/b/it' tried instead on input line 70.
LaTeX Font Info:    Font shape `T1/ptm/bx/n' in size <10> not available
(Font)              Font shape `T1/ptm/b/n' tried instead on input line 70.
LaTeX Font Info:    Font shape `T1/ptm/bx/it' in size <10> not available
(Font)              Font shape `T1/ptm/b/it' tried instead on input line 70.
LaTeX Font Info:    Font shape `T1/ptm/bx/n' in size <11> not available
(Font)              Font shape `T1/ptm/b/n' tried instead on input line 70.
LaTeX Font Info:    Font shape `T1/ptm/bx/it' in size <11> not available
(Font)              Font shape `T1/ptm/b/it' tried instead on input line 70.
LaTeX Font Info:    Font shape `T1/ptm/bx/n' in size <12> not available
(Font)              Font shape `T1/ptm/b/n' tried instead on input line 70.
LaTeX Font Info:    Font shape `T1/ptm/bx/it' in size <12> not available
(Font)              Font shape `T1/ptm/b/it' tried instead on input line 70.
LaTeX Font Info:    Font shape `T1/ptm/bx/n' in size <17> not available
(Font)              Font shape `T1/ptm/b/n' tried instead on input line 70.
LaTeX Font Info:    Font shape `T1/ptm/bx/it' in size <17> not available
(Font)              Font shape `T1/ptm/b/it' tried instead on input line 70.
LaTeX Font Info:    Font shape `T1/ptm/bx/n' in size <20> not available
(Font)              Font shape `T1/ptm/b/n' tried instead on input line 70.
LaTeX Font Info:    Font shape `T1/ptm/bx/it' in size <20> not available
(Font)              Font shape `T1/ptm/b/it' tried instead on input line 70.
LaTeX Font Info:    Font shape `T1/ptm/bx/n' in size <24> not available
(Font)              Font shape `T1/ptm/b/n' tried instead on input line 70.
LaTeX Font Info:    Font shape `T1/ptm/bx/it' in size <24> not available
(Font)              Font shape `T1/ptm/b/it' tried instead on input line 70.
 (c:/texlive/2013/texmf-dist/tex/context/base/supp-pdf.mkii
[Loading MPS to PDF converter (version 2006.09.02).]
\scratchcounter=\count107
\scratchdimen=\dimen131
\scratchbox=\box29
\nofMPsegments=\count108
\nofMParguments=\count109
\everyMPshowfont=\toks22
\MPscratchCnt=\count110
\MPscratchDim=\dimen132
\MPnumerator=\count111
\makeMPintoPDFobject=\count112
\everyMPtoPDFconversion=\toks23
) (c:/texlive/2013/texmf-dist/tex/generic/oberdiek/pdftexcmds.sty
Package: pdftexcmds 2011/11/29 v0.20 Utility functions of pdfTeX for LuaTeX (HO
)

(c:/texlive/2013/texmf-dist/tex/generic/oberdiek/ifluatex.sty
Package: ifluatex 2010/03/01 v1.3 Provides the ifluatex switch (HO)
Package ifluatex Info: LuaTeX not detected.
)
(c:/texlive/2013/texmf-dist/tex/generic/oberdiek/ifpdf.sty
Package: ifpdf 2011/01/30 v2.3 Provides the ifpdf switch (HO)
Package ifpdf Info: pdfTeX in PDF mode is detected.
)
Package pdftexcmds Info: LuaTeX not detected.
Package pdftexcmds Info: \pdf@primitive is available.
Package pdftexcmds Info: \pdf@ifprimitive is available.
Package pdftexcmds Info: \pdfdraftmode found.
)
(c:/texlive/2013/texmf-dist/tex/latex/oberdiek/epstopdf-base.sty
Package: epstopdf-base 2010/02/09 v2.5 Base part for package epstopdf

(c:/texlive/2013/texmf-dist/tex/latex/oberdiek/grfext.sty
Package: grfext 2010/08/19 v1.1 Manage graphics extensions (HO)

(c:/texlive/2013/texmf-dist/tex/generic/oberdiek/kvdefinekeys.sty
Package: kvdefinekeys 2011/04/07 v1.3 Define keys (HO)
))
(c:/texlive/2013/texmf-dist/tex/latex/oberdiek/kvoptions.sty
Package: kvoptions 2011/06/30 v3.11 Key value format for package options (HO)

(c:/texlive/2013/texmf-dist/tex/generic/oberdiek/kvsetkeys.sty
Package: kvsetkeys 2012/04/25 v1.16 Key value parser (HO)

(c:/texlive/2013/texmf-dist/tex/generic/oberdiek/etexcmds.sty
Package: etexcmds 2011/02/16 v1.5 Avoid name clashes with e-TeX commands (HO)
Package etexcmds Info: Could not find \expanded.
(etexcmds)             That can mean that you are not using pdfTeX 1.50 or
(etexcmds)             that some package has redefined \expanded.
(etexcmds)             In the latter case, load this package earlier.
)))
Package grfext Info: Graphics extension search list:
(grfext)             [.pdf,.jpeg,.png,.eps]
(grfext)             \AppendGraphicsExtensions on input line 452.

(c:/texlive/2013/texmf-dist/tex/latex/latexconfig/epstopdf-sys.cfg
File: epstopdf-sys.cfg 2010/07/13 v1.3 Configuration of (r)epstopdf for TeX Liv
e
))
LaTeX Info: Redefining \celsius on input line 70.
Package gensymb Info: Faking symbols for \degree and \celsius on input line 70.



Package gensymb Warning: Not defining \perthousand.

LaTeX Info: Redefining \ohm on input line 70.
Package gensymb Info: Using \Omega for \ohm on input line 70.

Package gensymb Warning: Not defining \micro.

LaTeX Font Info:    Calculating math sizes for size <24> on input line 85.
LaTeX Font Info:    External font `cmex10' loaded for size
(Font)              <24> on input line 85.
LaTeX Font Info:    External font `cmex10' loaded for size
(Font)              <16.79993> on input line 85.
LaTeX Font Info:    External font `cmex10' loaded for size
(Font)              <12> on input line 85.
LaTeX Font Info:    External font `cmex10' loaded for size
(Font)              <9> on input line 88.
LaTeX Font Info:    External font `cmex10' loaded for size
(Font)              <6> on input line 88.
LaTeX Font Info:    External font `cmex10' loaded for size
(Font)              <5> on input line 88.
LaTeX Font Info:    External font `cmex10' loaded for size
(Font)              <7> on input line 97.
LaTeX Font Info:    External font `cmex10' loaded for size
(Font)              <8> on input line 107.
[1{c:/texlive/2013/texmf-var/fonts/map/pdftex/updmap/pdftex.map}


]
<gagg_crystals.jpg, id=20, 2116.90875pt x 1231.60126pt>
File: gagg_crystals.jpg Graphic file (type jpg)

<use gagg_crystals.jpg>
Package pdftex.def Info: gagg_crystals.jpg used on input line 153.
(pdftex.def)             Requested size: 216.81pt x 126.13658pt.

Overfull \hbox (9.35046pt too wide) in paragraph at lines 174--186
 [][] 
 []

[2 <./gagg_crystals.jpg>]
Package epstopdf Info: Source file: <fig1_IV.eps>
(epstopdf)                    date: 2015-05-12 15:42:51
(epstopdf)                    size: 19353 bytes
(epstopdf)             Output file: <fig1_IV-eps-converted-to.pdf>
(epstopdf)                    date: 2015-05-12 15:47:56
(epstopdf)                    size: 9193 bytes
(epstopdf)             Command: <repstopdf --outfile=fig1_IV-eps-converted-to.p
df fig1_IV.eps>
(epstopdf)             \includegraphics on input line 227.
Package epstopdf Info: Output file is already uptodate.

<fig1_IV-eps-converted-to.pdf, id=26, 423.5825pt x 318.18875pt>
File: fig1_IV-eps-converted-to.pdf Graphic file (type pdf)

<use fig1_IV-eps-converted-to.pdf>
Package pdftex.def Info: fig1_IV-eps-converted-to.pdf used on input line 227.
(pdftex.def)             Requested size: 216.81pt x 162.86157pt.
Package epstopdf Info: Source file: <vbr_temp_depend.eps>
(epstopdf)                    date: 2015-06-03 10:01:37
(epstopdf)                    size: 17728 bytes
(epstopdf)             Output file: <vbr_temp_depend-eps-converted-to.pdf>
(epstopdf)                    date: 2015-06-03 10:04:51
(epstopdf)                    size: 8485 bytes
(epstopdf)             Command: <repstopdf --outfile=vbr_temp_depend-eps-conver
ted-to.pdf vbr_temp_depend.eps>
(epstopdf)             \includegraphics on input line 235.
Package epstopdf Info: Output file is already uptodate.

<vbr_temp_depend-eps-converted-to.pdf, id=27, 423.5825pt x 319.1925pt>
File: vbr_temp_depend-eps-converted-to.pdf Graphic file (type pdf)

<use vbr_temp_depend-eps-converted-to.pdf>
Package pdftex.def Info: vbr_temp_depend-eps-converted-to.pdf used on input lin
e 235.
(pdftex.def)             Requested size: 216.81pt x 163.37534pt.
Package epstopdf Info: Source file: <sat_curves.eps>
(epstopdf)                    date: 2015-06-10 10:49:33
(epstopdf)                    size: 21385 bytes
(epstopdf)             Output file: <sat_curves-eps-converted-to.pdf>
(epstopdf)                    date: 2015-06-10 10:50:34
(epstopdf)                    size: 10020 bytes
(epstopdf)             Command: <repstopdf --outfile=sat_curves-eps-converted-t
o.pdf sat_curves.eps>
(epstopdf)             \includegraphics on input line 252.
Package epstopdf Info: Output file is already uptodate.

<sat_curves-eps-converted-to.pdf, id=28, 422.57875pt x 319.1925pt>
File: sat_curves-eps-converted-to.pdf Graphic file (type pdf)

<use sat_curves-eps-converted-to.pdf>
Package pdftex.def Info: sat_curves-eps-converted-to.pdf used on input line 252
.
(pdftex.def)             Requested size: 216.81pt x 163.76985pt.
Package epstopdf Info: Source file: <decay_curve_rt.eps>
(epstopdf)                    date: 2015-06-04 14:20:16
(epstopdf)                    size: 210526 bytes
(epstopdf)             Output file: <decay_curve_rt-eps-converted-to.pdf>
(epstopdf)                    date: 2015-06-04 14:20:43
(epstopdf)                    size: 20318 bytes
(epstopdf)             Command: <repstopdf --outfile=decay_curve_rt-eps-convert
ed-to.pdf decay_curve_rt.eps>
(epstopdf)             \includegraphics on input line 264.
Package epstopdf Info: Output file is already uptodate.

<decay_curve_rt-eps-converted-to.pdf, id=29, 423.5825pt x 319.1925pt>
File: decay_curve_rt-eps-converted-to.pdf Graphic file (type pdf)

<use decay_curve_rt-eps-converted-to.pdf>
Package pdftex.def Info: decay_curve_rt-eps-converted-to.pdf used on input line
 264.
(pdftex.def)             Requested size: 216.81pt x 163.37534pt.
 [3 <./fig1_IV-eps-converted-to.pdf> <./vbr_temp_depend-eps-converted-to.pdf>]
Package epstopdf Info: Source file: <energy_resolution.eps>
(epstopdf)                    date: 2015-06-01 10:37:00
(epstopdf)                    size: 17811 bytes
(epstopdf)             Output file: <energy_resolution-eps-converted-to.pdf>
(epstopdf)                    date: 2015-06-01 10:37:08
(epstopdf)                    size: 8616 bytes
(epstopdf)             Command: <repstopdf --outfile=energy_resolution-eps-conv
erted-to.pdf energy_resolution.eps>
(epstopdf)             \includegraphics on input line 286.
Package epstopdf Info: Output file is already uptodate.

<energy_resolution-eps-converted-to.pdf, id=45, 423.5825pt x 319.1925pt>
File: energy_resolution-eps-converted-to.pdf Graphic file (type pdf)

<use energy_resolution-eps-converted-to.pdf>
Package pdftex.def Info: energy_resolution-eps-converted-to.pdf used on input l
ine 286.
(pdftex.def)             Requested size: 216.81pt x 163.37534pt.
Package epstopdf Info: Source file: <er_obias.eps>
(epstopdf)                    date: 2015-06-15 14:40:40
(epstopdf)                    size: 16257 bytes
(epstopdf)             Output file: <er_obias-eps-converted-to.pdf>
(epstopdf)                    date: 2015-06-15 14:40:51
(epstopdf)                    size: 8290 bytes
(epstopdf)             Command: <repstopdf --outfile=er_obias-eps-converted-to.
pdf er_obias.eps>
(epstopdf)             \includegraphics on input line 294.
Package epstopdf Info: Output file is already uptodate.

<er_obias-eps-converted-to.pdf, id=46, 424.58624pt x 319.1925pt>
File: er_obias-eps-converted-to.pdf Graphic file (type pdf)

<use er_obias-eps-converted-to.pdf>
Package pdftex.def Info: er_obias-eps-converted-to.pdf used on input line 294.
(pdftex.def)             Requested size: 216.81pt x 162.99057pt.
Package epstopdf Info: Source file: <temp_er.eps>
(epstopdf)                    date: 2015-06-15 15:55:06
(epstopdf)                    size: 17787 bytes
(epstopdf)             Output file: <temp_er-eps-converted-to.pdf>
(epstopdf)                    date: 2015-06-15 15:57:21
(epstopdf)                    size: 8243 bytes
(epstopdf)             Command: <repstopdf --outfile=temp_er-eps-converted-to.p
df temp_er.eps>
(epstopdf)             \includegraphics on input line 302.
Package epstopdf Info: Output file is already uptodate.

<temp_er-eps-converted-to.pdf, id=47, 423.5825pt x 319.1925pt>
File: temp_er-eps-converted-to.pdf Graphic file (type pdf)

<use temp_er-eps-converted-to.pdf>
Package pdftex.def Info: temp_er-eps-converted-to.pdf used on input line 302.
(pdftex.def)             Requested size: 216.81pt x 163.37534pt.
Package epstopdf Info: Source file: <temp_depend_all.eps>
(epstopdf)                    date: 2015-07-07 21:38:34
(epstopdf)                    size: 17943 bytes
(epstopdf)             Output file: <temp_depend_all-eps-converted-to.pdf>
(epstopdf)                    date: 2015-07-07 22:17:35
(epstopdf)                    size: 9068 bytes
(epstopdf)             Command: <repstopdf --outfile=temp_depend_all-eps-conver
ted-to.pdf temp_depend_all.eps>
(epstopdf)             \includegraphics on input line 310.
Package epstopdf Info: Output file is already uptodate.

<temp_depend_all-eps-converted-to.pdf, id=48, 424.58624pt x 319.1925pt>
File: temp_depend_all-eps-converted-to.pdf Graphic file (type pdf)

<use temp_depend_all-eps-converted-to.pdf>
Package pdftex.def Info: temp_depend_all-eps-converted-to.pdf used on input lin
e 310.
(pdftex.def)             Requested size: 216.81pt x 162.99057pt.
 [4 <./sat_curves-eps-converted-to.pdf> <./decay_curve_rt-eps-converted-to.pdf>
] [5 <./energy_resolution-eps-converted-to.pdf> <./er_obias-eps-converted-to.pd
f> <./temp_er-eps-converted-to.pdf> <./temp_depend_all-eps-converted-to.pdf>]
Underfull \hbox (badness 3158) in paragraph at lines 424--425
[]\T1/ptm/m/n/8 K. Ka-mada, T. Endo, K. Tsu-tumi, T. Yanagida, Y. Fu-ji-moto,
 []


Underfull \hbox (badness 6268) in paragraph at lines 424--425
\T1/ptm/m/n/8 A. Yoshikawa, J. Pe-jchal, M. Nikl, ``Com-po-si-tion En-gi-neer-i
ng
 []

[6] (./SCINT2015_Proceedings.aux) ) 
Here is how much of TeX's memory you used:
 3489 strings out of 493311
 50554 string characters out of 6141401
 116984 words of memory out of 5000000
 6872 multiletter control sequences out of 15000+600000
 124973 words of font info for 130 fonts, out of 8000000 for 9000
 960 hyphenation exceptions out of 8191
 38i,12n,23p,1255b,289s stack positions out of 5000i,500n,10000p,200000b,80000s
{c:/texlive/2013/texmf-dist/fonts/enc/dvips/
base/8r.enc}<c:/texlive/2013/texmf-dist/fonts/type1/public/amsfonts/cm/cmmi10.p
fb><c:/texlive/2013/texmf-dist/fonts/type1/public/amsfonts/cm/cmmi7.pfb><c:/tex
live/2013/texmf-dist/fonts/type1/public/amsfonts/cm/cmmi8.pfb><c:/texlive/2013/
texmf-dist/fonts/type1/public/amsfonts/cm/cmr10.pfb><c:/texlive/2013/texmf-dist
/fonts/type1/public/amsfonts/cm/cmr6.pfb><c:/texlive/2013/texmf-dist/fonts/type
1/public/amsfonts/cm/cmr7.pfb><c:/texlive/2013/texmf-dist/fonts/type1/public/am
sfonts/cm/cmr8.pfb><c:/texlive/2013/texmf-dist/fonts/type1/public/amsfonts/cm/c
msy10.pfb><c:/texlive/2013/texmf-dist/fonts/type1/public/amsfonts/cm/cmsy6.pfb>
<c:/texlive/2013/texmf-dist/fonts/type1/public/amsfonts/cm/cmsy7.pfb><c:/texliv
e/2013/texmf-dist/fonts/type1/public/amsfonts/cm/cmsy8.pfb><c:/texlive/2013/tex
mf-dist/fonts/type1/public/amsfonts/cm/cmsy9.pfb><c:/texlive/2013/texmf-dist/fo
nts/type1/urw/times/utmb8a.pfb><c:/texlive/2013/texmf-dist/fonts/type1/urw/time
s/utmbi8a.pfb><c:/texlive/2013/texmf-dist/fonts/type1/urw/times/utmr8a.pfb><c:/
texlive/2013/texmf-dist/fonts/type1/urw/times/utmri8a.pfb>
Output written on SCINT2015_Proceedings.pdf (6 pages, 383702 bytes).
PDF statistics:
 154 PDF objects out of 1000 (max. 8388607)
 108 compressed objects within 2 object streams
 0 named destinations out of 1000 (max. 500000)
 46 words of extra memory for PDF output out of 10000 (max. 10000000)

